<?xml version="1.0" encoding="UTF-8"?>
<!-- Generated by org.testng.reporters.JUnitReportReporter -->
<testsuite hostname="Prasad" name="TestRunner.TestRunner"
	tests="1" failures="0" timestamp="4 Jun 2020 14:00:53 GMT"
	time="37.205" errors="0">
	<testcase name="feature" time="37.205"
		classname="TestRunner.TestRunner" />
</testsuite> <!-- TestRunner.TestRunner -->
