<?xml version="1.0" encoding="UTF-8"?>
<!-- Generated by org.testng.reporters.JUnitReportReporter -->
<testsuite hostname="DESKTOP-94L8TCO" failures="0" tests="1"
	name="com.Inspire_Automation.TestRunner.TestRunner" time="158.416"
	errors="0" timestamp="2 Jul 2020 21:25:37 GMT">
	<testcase
		classname="com.Inspire_Automation.TestRunner.TestRunner"
		name="feature" time="158.416" />
</testsuite> <!-- com.Inspire_Automation.TestRunner.TestRunner -->
